  main.cpp
d:\mydocuments\github\cminavmesh\minavmeshplus\core\voxelspace.h(23): warning C4251: “VoxelSpace::solidSpansList”: class“std::list<SolidSpan *,std::allocator<_Ty>>”需要有 dll 接口由 class“VoxelSpace”的客户端使用
          with
          [
              _Ty=SolidSpan *
          ]
  d:\mydocuments\github\cminavmesh\minavmeshplus\core\voxelspace.h(23): note: 参见“std::list<SolidSpan *,std::allocator<_Ty>>”的声明
          with
          [
              _Ty=SolidSpan *
          ]
d:\mydocuments\github\cminavmesh\minavmeshplus\core\voxelspace.h(28): warning C4251: “VoxelSpace::triVertInfoList”: class“std::list<TriVertsInfo *,std::allocator<_Ty>>”需要有 dll 接口由 class“VoxelSpace”的客户端使用
          with
          [
              _Ty=TriVertsInfo *
          ]
  d:\mydocuments\github\cminavmesh\minavmeshplus\core\voxelspace.h(28): note: 参见“std::list<TriVertsInfo *,std::allocator<_Ty>>”的声明
          with
          [
              _Ty=TriVertsInfo *
          ]
d:\mydocuments\github\cminavmesh\minavmeshplus\core\voxelspace.h(13): warning C4305: “初始化”: 从“double”到“float”截断
d:\mydocuments\github\cminavmesh\minavmeshplus\core\voxelspace.h(14): warning C4305: “初始化”: 从“double”到“float”截断
d:\mydocuments\github\cminavmesh\minavmeshplus\main.cpp(98): warning C4244: “=”: 从“double”转换到“float”，可能丢失数据
    正在创建库 D:\MyDocuments\GitHub\CmiNavMesh\Release\MiNavMeshPlus.lib 和对象 D:\MyDocuments\GitHub\CmiNavMesh\Release\MiNavMeshPlus.exp
  正在生成代码
  1 of 528 functions ( 0.2%) were compiled, the rest were copied from previous compilation.
    0 functions were new in current compilation
    0 functions had inline decision re-evaluated but remain unchanged
  已完成代码的生成
  MiNavMeshPlus.vcxproj -> D:\MyDocuments\GitHub\CmiNavMesh\Release\MiNavMeshPlus.exe
