  SolidSpanGroupCaller.cpp
d:\mydocuments\github\cminavmesh\minavmeshplus\core\voxelspace.h(23): warning C4251: “VoxelSpace::solidSpansList”: class“std::list<SolidSpan *,std::allocator<_Ty>>”需要有 dll 接口由 class“VoxelSpace”的客户端使用
          with
          [
              _Ty=SolidSpan *
          ]
  d:\mydocuments\github\cminavmesh\minavmeshplus\core\voxelspace.h(23): note: 参见“std::list<SolidSpan *,std::allocator<_Ty>>”的声明
          with
          [
              _Ty=SolidSpan *
          ]
d:\mydocuments\github\cminavmesh\minavmeshplus\core\voxelspace.h(28): warning C4251: “VoxelSpace::triVertInfoList”: class“std::list<TriVertsInfo *,std::allocator<_Ty>>”需要有 dll 接口由 class“VoxelSpace”的客户端使用
          with
          [
              _Ty=TriVertsInfo *
          ]
  d:\mydocuments\github\cminavmesh\minavmeshplus\core\voxelspace.h(28): note: 参见“std::list<TriVertsInfo *,std::allocator<_Ty>>”的声明
          with
          [
              _Ty=TriVertsInfo *
          ]
d:\mydocuments\github\cminavmesh\minavmeshplus\core\voxelspace.h(13): warning C4305: “初始化”: 从“double”到“float”截断
d:\mydocuments\github\cminavmesh\minavmeshplus\core\voxelspace.h(14): warning C4305: “初始化”: 从“double”到“float”截断
  VoxelSpaceCaller.cpp
d:\mydocuments\github\cminavmesh\minavmeshplus\core\voxelspace.h(23): warning C4251: “VoxelSpace::solidSpansList”: class“std::list<SolidSpan *,std::allocator<_Ty>>”需要有 dll 接口由 class“VoxelSpace”的客户端使用
          with
          [
              _Ty=SolidSpan *
          ]
  d:\mydocuments\github\cminavmesh\minavmeshplus\core\voxelspace.h(23): note: 参见“std::list<SolidSpan *,std::allocator<_Ty>>”的声明
          with
          [
              _Ty=SolidSpan *
          ]
d:\mydocuments\github\cminavmesh\minavmeshplus\core\voxelspace.h(28): warning C4251: “VoxelSpace::triVertInfoList”: class“std::list<TriVertsInfo *,std::allocator<_Ty>>”需要有 dll 接口由 class“VoxelSpace”的客户端使用
          with
          [
              _Ty=TriVertsInfo *
          ]
  d:\mydocuments\github\cminavmesh\minavmeshplus\core\voxelspace.h(28): note: 参见“std::list<TriVertsInfo *,std::allocator<_Ty>>”的声明
          with
          [
              _Ty=TriVertsInfo *
          ]
d:\mydocuments\github\cminavmesh\minavmeshplus\core\voxelspace.h(13): warning C4305: “初始化”: 从“double”到“float”截断
d:\mydocuments\github\cminavmesh\minavmeshplus\core\voxelspace.h(14): warning C4305: “初始化”: 从“double”到“float”截断
  SolidSpanGroup.cpp
d:\mydocuments\github\cminavmesh\minavmeshplus\core\voxelspace.h(23): warning C4251: “VoxelSpace::solidSpansList”: class“std::list<SolidSpan *,std::allocator<_Ty>>”需要有 dll 接口由 class“VoxelSpace”的客户端使用
          with
          [
              _Ty=SolidSpan *
          ]
  d:\mydocuments\github\cminavmesh\minavmeshplus\core\voxelspace.h(23): note: 参见“std::list<SolidSpan *,std::allocator<_Ty>>”的声明
          with
          [
              _Ty=SolidSpan *
          ]
d:\mydocuments\github\cminavmesh\minavmeshplus\core\voxelspace.h(28): warning C4251: “VoxelSpace::triVertInfoList”: class“std::list<TriVertsInfo *,std::allocator<_Ty>>”需要有 dll 接口由 class“VoxelSpace”的客户端使用
          with
          [
              _Ty=TriVertsInfo *
          ]
  d:\mydocuments\github\cminavmesh\minavmeshplus\core\voxelspace.h(28): note: 参见“std::list<TriVertsInfo *,std::allocator<_Ty>>”的声明
          with
          [
              _Ty=TriVertsInfo *
          ]
d:\mydocuments\github\cminavmesh\minavmeshplus\core\voxelspace.h(13): warning C4305: “初始化”: 从“double”到“float”截断
d:\mydocuments\github\cminavmesh\minavmeshplus\core\voxelspace.h(14): warning C4305: “初始化”: 从“double”到“float”截断
  VoxelSpace.cpp
d:\mydocuments\github\cminavmesh\minavmeshplus\core\voxelspace.h(23): warning C4251: “VoxelSpace::solidSpansList”: class“std::list<SolidSpan *,std::allocator<_Ty>>”需要有 dll 接口由 class“VoxelSpace”的客户端使用
          with
          [
              _Ty=SolidSpan *
          ]
  d:\mydocuments\github\cminavmesh\minavmeshplus\core\voxelspace.h(23): note: 参见“std::list<SolidSpan *,std::allocator<_Ty>>”的声明
          with
          [
              _Ty=SolidSpan *
          ]
d:\mydocuments\github\cminavmesh\minavmeshplus\core\voxelspace.h(28): warning C4251: “VoxelSpace::triVertInfoList”: class“std::list<TriVertsInfo *,std::allocator<_Ty>>”需要有 dll 接口由 class“VoxelSpace”的客户端使用
          with
          [
              _Ty=TriVertsInfo *
          ]
  d:\mydocuments\github\cminavmesh\minavmeshplus\core\voxelspace.h(28): note: 参见“std::list<TriVertsInfo *,std::allocator<_Ty>>”的声明
          with
          [
              _Ty=TriVertsInfo *
          ]
d:\mydocuments\github\cminavmesh\minavmeshplus\core\voxelspace.h(13): warning C4305: “初始化”: 从“double”到“float”截断
d:\mydocuments\github\cminavmesh\minavmeshplus\core\voxelspace.h(14): warning C4305: “初始化”: 从“double”到“float”截断
  VoxelTriangle.cpp
d:\mydocuments\github\cminavmesh\minavmeshplus\core\voxelspace.h(23): warning C4251: “VoxelSpace::solidSpansList”: class“std::list<SolidSpan *,std::allocator<_Ty>>”需要有 dll 接口由 class“VoxelSpace”的客户端使用
          with
          [
              _Ty=SolidSpan *
          ]
  d:\mydocuments\github\cminavmesh\minavmeshplus\core\voxelspace.h(23): note: 参见“std::list<SolidSpan *,std::allocator<_Ty>>”的声明
          with
          [
              _Ty=SolidSpan *
          ]
d:\mydocuments\github\cminavmesh\minavmeshplus\core\voxelspace.h(28): warning C4251: “VoxelSpace::triVertInfoList”: class“std::list<TriVertsInfo *,std::allocator<_Ty>>”需要有 dll 接口由 class“VoxelSpace”的客户端使用
          with
          [
              _Ty=TriVertsInfo *
          ]
  d:\mydocuments\github\cminavmesh\minavmeshplus\core\voxelspace.h(28): note: 参见“std::list<TriVertsInfo *,std::allocator<_Ty>>”的声明
          with
          [
              _Ty=TriVertsInfo *
          ]
d:\mydocuments\github\cminavmesh\minavmeshplus\core\voxelspace.h(13): warning C4305: “初始化”: 从“double”到“float”截断
d:\mydocuments\github\cminavmesh\minavmeshplus\core\voxelspace.h(14): warning C4305: “初始化”: 从“double”到“float”截断
  main.cpp
d:\mydocuments\github\cminavmesh\minavmeshplus\core\voxelspace.h(23): warning C4251: “VoxelSpace::solidSpansList”: class“std::list<SolidSpan *,std::allocator<_Ty>>”需要有 dll 接口由 class“VoxelSpace”的客户端使用
          with
          [
              _Ty=SolidSpan *
          ]
  d:\mydocuments\github\cminavmesh\minavmeshplus\core\voxelspace.h(23): note: 参见“std::list<SolidSpan *,std::allocator<_Ty>>”的声明
          with
          [
              _Ty=SolidSpan *
          ]
d:\mydocuments\github\cminavmesh\minavmeshplus\core\voxelspace.h(28): warning C4251: “VoxelSpace::triVertInfoList”: class“std::list<TriVertsInfo *,std::allocator<_Ty>>”需要有 dll 接口由 class“VoxelSpace”的客户端使用
          with
          [
              _Ty=TriVertsInfo *
          ]
  d:\mydocuments\github\cminavmesh\minavmeshplus\core\voxelspace.h(28): note: 参见“std::list<TriVertsInfo *,std::allocator<_Ty>>”的声明
          with
          [
              _Ty=TriVertsInfo *
          ]
d:\mydocuments\github\cminavmesh\minavmeshplus\core\voxelspace.h(13): warning C4305: “初始化”: 从“double”到“float”截断
d:\mydocuments\github\cminavmesh\minavmeshplus\core\voxelspace.h(14): warning C4305: “初始化”: 从“double”到“float”截断
d:\mydocuments\github\cminavmesh\minavmeshplus\main.cpp(56): warning C4267: “参数”: 从“size_t”转换到“int”，可能丢失数据
d:\mydocuments\github\cminavmesh\minavmeshplus\main.cpp(57): warning C4267: “参数”: 从“size_t”转换到“int”，可能丢失数据
d:\mydocuments\github\cminavmesh\minavmeshplus\main.cpp(58): warning C4267: “参数”: 从“size_t”转换到“int”，可能丢失数据
d:\mydocuments\github\cminavmesh\minavmeshplus\main.cpp(61): warning C4267: “参数”: 从“size_t”转换到“int”，可能丢失数据
d:\mydocuments\github\cminavmesh\minavmeshplus\main.cpp(62): warning C4267: “参数”: 从“size_t”转换到“int”，可能丢失数据
d:\mydocuments\github\cminavmesh\minavmeshplus\main.cpp(63): warning C4267: “参数”: 从“size_t”转换到“int”，可能丢失数据
d:\mydocuments\github\cminavmesh\minavmeshplus\main.cpp(66): warning C4267: “参数”: 从“size_t”转换到“int”，可能丢失数据
d:\mydocuments\github\cminavmesh\minavmeshplus\main.cpp(67): warning C4267: “参数”: 从“size_t”转换到“int”，可能丢失数据
d:\mydocuments\github\cminavmesh\minavmeshplus\main.cpp(68): warning C4267: “参数”: 从“size_t”转换到“int”，可能丢失数据
d:\mydocuments\github\cminavmesh\minavmeshplus\main.cpp(99): warning C4244: “=”: 从“double”转换到“float”，可能丢失数据
    正在创建库 D:\MyDocuments\GitHub\CmiNavMesh\x64\Release\MiNavMeshPlus.lib 和对象 D:\MyDocuments\GitHub\CmiNavMesh\x64\Release\MiNavMeshPlus.exp
  正在生成代码
  12 of 514 functions ( 2.3%) were compiled, the rest were copied from previous compilation.
    10 functions were new in current compilation
    1 functions had inline decision re-evaluated but remain unchanged
  已完成代码的生成
  MiNavMeshPlus.vcxproj -> D:\MyDocuments\GitHub\CmiNavMesh\x64\Release\MiNavMeshPlus.dll
