d:\mydocuments\github\cminavmesh\minavmeshplus\debug\vc141.pdb
d:\mydocuments\github\cminavmesh\minavmeshplus\debug\vc141.idb
d:\mydocuments\github\cminavmesh\minavmeshplus\debug\voxelspace.obj
d:\mydocuments\github\cminavmesh\minavmeshplus\debug\voxeltriangle.obj
d:\mydocuments\github\cminavmesh\minavmeshplus\debug\solidspangroup.obj
d:\mydocuments\github\cminavmesh\minavmeshplus\debug\voxelspacecaller.obj
d:\mydocuments\github\cminavmesh\minavmeshplus\debug\main.obj
d:\mydocuments\github\cminavmesh\debug\minavmeshplus.exe
d:\mydocuments\github\cminavmesh\debug\minavmeshplus.ilk
d:\mydocuments\github\cminavmesh\debug\minavmeshplus.pdb
d:\mydocuments\github\cminavmesh\debug\minavmeshplus.lib
d:\mydocuments\github\cminavmesh\debug\minavmeshplus.exp
d:\mydocuments\github\cminavmesh\minavmeshplus\debug\minavmeshplus.tlog\cl.command.1.tlog
d:\mydocuments\github\cminavmesh\minavmeshplus\debug\minavmeshplus.tlog\cl.read.1.tlog
d:\mydocuments\github\cminavmesh\minavmeshplus\debug\minavmeshplus.tlog\cl.write.1.tlog
d:\mydocuments\github\cminavmesh\minavmeshplus\debug\minavmeshplus.tlog\link.10360.delete.1.tlog
d:\mydocuments\github\cminavmesh\minavmeshplus\debug\minavmeshplus.tlog\link.13164.delete.1.tlog
d:\mydocuments\github\cminavmesh\minavmeshplus\debug\minavmeshplus.tlog\link.command.1.tlog
d:\mydocuments\github\cminavmesh\minavmeshplus\debug\minavmeshplus.tlog\link.delete.1.tlog
d:\mydocuments\github\cminavmesh\minavmeshplus\debug\minavmeshplus.tlog\link.read.1.tlog
d:\mydocuments\github\cminavmesh\minavmeshplus\debug\minavmeshplus.tlog\link.write.1.tlog
d:\mydocuments\github\cminavmesh\minavmeshplus\debug\minavmeshplus.tlog\minavmeshplus.write.1u.tlog
