  SolidSpanGroupCaller.cpp
d:\mydocuments\github\cminavmesh\minavmeshplus\core\voxelspace.h(23): warning C4251: “VoxelSpace::solidSpansList”: class“std::list<SolidSpan *,std::allocator<_Ty>>”需要有 dll 接口由 class“VoxelSpace”的客户端使用
          with
          [
              _Ty=SolidSpan *
          ]
  d:\mydocuments\github\cminavmesh\minavmeshplus\core\voxelspace.h(23): note: 参见“std::list<SolidSpan *,std::allocator<_Ty>>”的声明
          with
          [
              _Ty=SolidSpan *
          ]
d:\mydocuments\github\cminavmesh\minavmeshplus\core\voxelspace.h(28): warning C4251: “VoxelSpace::triVertInfoList”: class“std::list<TriVertsInfo *,std::allocator<_Ty>>”需要有 dll 接口由 class“VoxelSpace”的客户端使用
          with
          [
              _Ty=TriVertsInfo *
          ]
  d:\mydocuments\github\cminavmesh\minavmeshplus\core\voxelspace.h(28): note: 参见“std::list<TriVertsInfo *,std::allocator<_Ty>>”的声明
          with
          [
              _Ty=TriVertsInfo *
          ]
  VoxelSpaceCaller.cpp
d:\mydocuments\github\cminavmesh\minavmeshplus\core\voxelspace.h(23): warning C4251: “VoxelSpace::solidSpansList”: class“std::list<SolidSpan *,std::allocator<_Ty>>”需要有 dll 接口由 class“VoxelSpace”的客户端使用
          with
          [
              _Ty=SolidSpan *
          ]
  d:\mydocuments\github\cminavmesh\minavmeshplus\core\voxelspace.h(23): note: 参见“std::list<SolidSpan *,std::allocator<_Ty>>”的声明
          with
          [
              _Ty=SolidSpan *
          ]
d:\mydocuments\github\cminavmesh\minavmeshplus\core\voxelspace.h(28): warning C4251: “VoxelSpace::triVertInfoList”: class“std::list<TriVertsInfo *,std::allocator<_Ty>>”需要有 dll 接口由 class“VoxelSpace”的客户端使用
          with
          [
              _Ty=TriVertsInfo *
          ]
  d:\mydocuments\github\cminavmesh\minavmeshplus\core\voxelspace.h(28): note: 参见“std::list<TriVertsInfo *,std::allocator<_Ty>>”的声明
          with
          [
              _Ty=TriVertsInfo *
          ]
  SolidSpanGroup.cpp
d:\mydocuments\github\cminavmesh\minavmeshplus\core\voxelspace.h(23): warning C4251: “VoxelSpace::solidSpansList”: class“std::list<SolidSpan *,std::allocator<_Ty>>”需要有 dll 接口由 class“VoxelSpace”的客户端使用
          with
          [
              _Ty=SolidSpan *
          ]
  d:\mydocuments\github\cminavmesh\minavmeshplus\core\voxelspace.h(23): note: 参见“std::list<SolidSpan *,std::allocator<_Ty>>”的声明
          with
          [
              _Ty=SolidSpan *
          ]
d:\mydocuments\github\cminavmesh\minavmeshplus\core\voxelspace.h(28): warning C4251: “VoxelSpace::triVertInfoList”: class“std::list<TriVertsInfo *,std::allocator<_Ty>>”需要有 dll 接口由 class“VoxelSpace”的客户端使用
          with
          [
              _Ty=TriVertsInfo *
          ]
  d:\mydocuments\github\cminavmesh\minavmeshplus\core\voxelspace.h(28): note: 参见“std::list<TriVertsInfo *,std::allocator<_Ty>>”的声明
          with
          [
              _Ty=TriVertsInfo *
          ]
  VoxelSpace.cpp
d:\mydocuments\github\cminavmesh\minavmeshplus\core\voxelspace.h(23): warning C4251: “VoxelSpace::solidSpansList”: class“std::list<SolidSpan *,std::allocator<_Ty>>”需要有 dll 接口由 class“VoxelSpace”的客户端使用
          with
          [
              _Ty=SolidSpan *
          ]
  d:\mydocuments\github\cminavmesh\minavmeshplus\core\voxelspace.h(23): note: 参见“std::list<SolidSpan *,std::allocator<_Ty>>”的声明
          with
          [
              _Ty=SolidSpan *
          ]
d:\mydocuments\github\cminavmesh\minavmeshplus\core\voxelspace.h(28): warning C4251: “VoxelSpace::triVertInfoList”: class“std::list<TriVertsInfo *,std::allocator<_Ty>>”需要有 dll 接口由 class“VoxelSpace”的客户端使用
          with
          [
              _Ty=TriVertsInfo *
          ]
  d:\mydocuments\github\cminavmesh\minavmeshplus\core\voxelspace.h(28): note: 参见“std::list<TriVertsInfo *,std::allocator<_Ty>>”的声明
          with
          [
              _Ty=TriVertsInfo *
          ]
  VoxelTriangle.cpp
d:\mydocuments\github\cminavmesh\minavmeshplus\core\voxelspace.h(23): warning C4251: “VoxelSpace::solidSpansList”: class“std::list<SolidSpan *,std::allocator<_Ty>>”需要有 dll 接口由 class“VoxelSpace”的客户端使用
          with
          [
              _Ty=SolidSpan *
          ]
  d:\mydocuments\github\cminavmesh\minavmeshplus\core\voxelspace.h(23): note: 参见“std::list<SolidSpan *,std::allocator<_Ty>>”的声明
          with
          [
              _Ty=SolidSpan *
          ]
d:\mydocuments\github\cminavmesh\minavmeshplus\core\voxelspace.h(28): warning C4251: “VoxelSpace::triVertInfoList”: class“std::list<TriVertsInfo *,std::allocator<_Ty>>”需要有 dll 接口由 class“VoxelSpace”的客户端使用
          with
          [
              _Ty=TriVertsInfo *
          ]
  d:\mydocuments\github\cminavmesh\minavmeshplus\core\voxelspace.h(28): note: 参见“std::list<TriVertsInfo *,std::allocator<_Ty>>”的声明
          with
          [
              _Ty=TriVertsInfo *
          ]
  正在生成代码...
    正在创建库 D:\MyDocuments\GitHub\CmiNavMesh\x64\Debug\MiNavMeshPlus.lib 和对象 D:\MyDocuments\GitHub\CmiNavMesh\x64\Debug\MiNavMeshPlus.exp
  MiNavMeshPlus.vcxproj -> D:\MyDocuments\GitHub\CmiNavMesh\x64\Debug\MiNavMeshPlus.dll
